<?xml version="1.0" encoding="UTF-8"?>
<testsuite name="com.ibm.cloud_garage.swagger.SwaggerConfigTest$GivenContact" tests="1" skipped="0" failures="0" errors="0" timestamp="2018-08-22T13:47:49" hostname="Pradeeps-MacBook-Pro-2.local" time="0.0">
  <properties/>
  <testcase name="getters_setters()" classname="com.ibm.cloud_garage.swagger.SwaggerConfigTest$GivenContact" time="0.0"/>
  <system-out><![CDATA[]]></system-out>
  <system-err><![CDATA[]]></system-err>
</testsuite>
