<?xml version="1.0" encoding="UTF-8"?>
<testsuite name="com.ibm.cloud_garage.logging.inbound.HttpRequestWrapperTest$GivenGetRequestPath" tests="5" skipped="0" failures="0" errors="0" timestamp="2018-08-22T13:47:50" hostname="Pradeeps-MacBook-Pro-2.local" time="0.024">
  <properties/>
  <testcase name="multiple_value_param()" classname="com.ibm.cloud_garage.logging.inbound.HttpRequestWrapperTest$GivenGetRequestPath" time="0.014"/>
  <testcase name="null_parameterMap_returns_requestUri()" classname="com.ibm.cloud_garage.logging.inbound.HttpRequestWrapperTest$GivenGetRequestPath" time="0.001"/>
  <testcase name="null_request_uri_return_forward_slash()" classname="com.ibm.cloud_garage.logging.inbound.HttpRequestWrapperTest$GivenGetRequestPath" time="0.001"/>
  <testcase name="single_value_param()" classname="com.ibm.cloud_garage.logging.inbound.HttpRequestWrapperTest$GivenGetRequestPath" time="0.001"/>
  <testcase name="multiple_params()" classname="com.ibm.cloud_garage.logging.inbound.HttpRequestWrapperTest$GivenGetRequestPath" time="0.001"/>
  <system-out><![CDATA[]]></system-out>
  <system-err><![CDATA[]]></system-err>
</testsuite>
