<?xml version="1.0" encoding="UTF-8"?>
<testsuite name="com.ibm.cloud_garage.logging.RestRequestResponseLoggerTest$GivenTraceRequest" tests="3" skipped="0" failures="0" errors="0" timestamp="2018-08-22T13:47:50" hostname="Pradeeps-MacBook-Pro-2.local" time="0.011">
  <properties/>
  <testcase name="logging_enabled()" classname="com.ibm.cloud_garage.logging.RestRequestResponseLoggerTest$GivenTraceRequest" time="0.006"/>
  <testcase name="exception()" classname="com.ibm.cloud_garage.logging.RestRequestResponseLoggerTest$GivenTraceRequest" time="0.002"/>
  <testcase name="logging_disabled()" classname="com.ibm.cloud_garage.logging.RestRequestResponseLoggerTest$GivenTraceRequest" time="0.001"/>
  <system-out><![CDATA[09:47:50.807 [Test worker] DEBUG org.springframework.test.util.ReflectionTestUtils - Setting field 'objectMapper' of type [null] on target object [com.ibm.cloud_garage.logging.RestRequestResponseLogger@5d9185b6] or target class [class com.ibm.cloud_garage.logging.RestRequestResponseLogger] to value [com.fasterxml.jackson.databind.ObjectMapper$$EnhancerByMockitoWithCGLIB$$11634873@64ff71c5]
09:47:50.814 [Test worker] DEBUG org.springframework.test.util.ReflectionTestUtils - Setting field 'objectMapper' of type [null] on target object [com.ibm.cloud_garage.logging.RestRequestResponseLogger@28dac720] or target class [class com.ibm.cloud_garage.logging.RestRequestResponseLogger] to value [com.fasterxml.jackson.databind.ObjectMapper$$EnhancerByMockitoWithCGLIB$$11634873@18ccb911]
09:47:50.817 [Test worker] DEBUG org.springframework.test.util.ReflectionTestUtils - Setting field 'objectMapper' of type [null] on target object [com.ibm.cloud_garage.logging.RestRequestResponseLogger@29d29fab] or target class [class com.ibm.cloud_garage.logging.RestRequestResponseLogger] to value [com.fasterxml.jackson.databind.ObjectMapper$$EnhancerByMockitoWithCGLIB$$11634873@68c6b624]
]]></system-out>
  <system-err><![CDATA[]]></system-err>
</testsuite>
