<?xml version="1.0" encoding="UTF-8"?>
<testsuite name="com.ibm.cloud_garage.logging.RestRequestResponseLoggerTest$GivenGetResponseBody" tests="4" skipped="0" failures="0" errors="0" timestamp="2018-08-22T13:47:50" hostname="Pradeeps-MacBook-Pro-2.local" time="0.025">
  <properties/>
  <testcase name="null_responseBody_return_null()" classname="com.ibm.cloud_garage.logging.RestRequestResponseLoggerTest$GivenGetResponseBody" time="0.011"/>
  <testcase name="success_return_value()" classname="com.ibm.cloud_garage.logging.RestRequestResponseLoggerTest$GivenGetResponseBody" time="0.007"/>
  <testcase name="exception_return_null()" classname="com.ibm.cloud_garage.logging.RestRequestResponseLoggerTest$GivenGetResponseBody" time="0.003"/>
  <testcase name="null_response_return_null()" classname="com.ibm.cloud_garage.logging.RestRequestResponseLoggerTest$GivenGetResponseBody" time="0.002"/>
  <system-out><![CDATA[09:47:50.637 [Test worker] DEBUG org.springframework.test.util.ReflectionTestUtils - Setting field 'objectMapper' of type [null] on target object [com.ibm.cloud_garage.logging.RestRequestResponseLogger@130e0876] or target class [class com.ibm.cloud_garage.logging.RestRequestResponseLogger] to value [com.fasterxml.jackson.databind.ObjectMapper$$EnhancerByMockitoWithCGLIB$$11634873@3d3936ef]
09:47:50.648 [Test worker] DEBUG org.springframework.test.util.ReflectionTestUtils - Setting field 'objectMapper' of type [null] on target object [com.ibm.cloud_garage.logging.RestRequestResponseLogger@5400ac9f] or target class [class com.ibm.cloud_garage.logging.RestRequestResponseLogger] to value [com.fasterxml.jackson.databind.ObjectMapper$$EnhancerByMockitoWithCGLIB$$11634873@2cefa3d4]
09:47:50.656 [Test worker] DEBUG org.springframework.test.util.ReflectionTestUtils - Setting field 'objectMapper' of type [null] on target object [com.ibm.cloud_garage.logging.RestRequestResponseLogger@7d233f97] or target class [class com.ibm.cloud_garage.logging.RestRequestResponseLogger] to value [com.fasterxml.jackson.databind.ObjectMapper$$EnhancerByMockitoWithCGLIB$$11634873@7800f5a6]
09:47:50.660 [Test worker] DEBUG org.springframework.test.util.ReflectionTestUtils - Setting field 'objectMapper' of type [null] on target object [com.ibm.cloud_garage.logging.RestRequestResponseLogger@51b03e17] or target class [class com.ibm.cloud_garage.logging.RestRequestResponseLogger] to value [com.fasterxml.jackson.databind.ObjectMapper$$EnhancerByMockitoWithCGLIB$$11634873@6f74d7bd]
]]></system-out>
  <system-err><![CDATA[]]></system-err>
</testsuite>
