<?xml version="1.0" encoding="UTF-8"?>
<testsuite name="com.ibm.cloud_garage.http.HttpConnectionKeepAliveStrategyTest$GivenGetKeepAliveDuration" tests="4" skipped="0" failures="0" errors="0" timestamp="2018-08-22T13:47:50" hostname="Pradeeps-MacBook-Pro-2.local" time="0.038">
  <properties/>
  <testcase name="timeout_NaN()" classname="com.ibm.cloud_garage.http.HttpConnectionKeepAliveStrategyTest$GivenGetKeepAliveDuration" time="0.027"/>
  <testcase name="no_headers()" classname="com.ibm.cloud_garage.http.HttpConnectionKeepAliveStrategyTest$GivenGetKeepAliveDuration" time="0.002"/>
  <testcase name="timeout_in_milliseconds()" classname="com.ibm.cloud_garage.http.HttpConnectionKeepAliveStrategyTest$GivenGetKeepAliveDuration" time="0.003"/>
  <testcase name="no_timeout()" classname="com.ibm.cloud_garage.http.HttpConnectionKeepAliveStrategyTest$GivenGetKeepAliveDuration" time="0.003"/>
  <system-out><![CDATA[09:47:50.160 [Test worker] DEBUG org.springframework.test.util.ReflectionTestUtils - Getting field 'MILLISECONDS_PER_MINUTE' from target object [null] or target class [class com.ibm.cloud_garage.http.HttpConnectionKeepAliveStrategy]
09:47:50.184 [Test worker] DEBUG org.springframework.test.util.ReflectionTestUtils - Getting field 'MILLISECONDS_PER_MINUTE' from target object [null] or target class [class com.ibm.cloud_garage.http.HttpConnectionKeepAliveStrategy]
09:47:50.187 [Test worker] DEBUG org.springframework.test.util.ReflectionTestUtils - Getting field 'MILLISECONDS_PER_MINUTE' from target object [null] or target class [class com.ibm.cloud_garage.http.HttpConnectionKeepAliveStrategy]
09:47:50.191 [Test worker] DEBUG org.springframework.test.util.ReflectionTestUtils - Getting field 'MILLISECONDS_PER_MINUTE' from target object [null] or target class [class com.ibm.cloud_garage.http.HttpConnectionKeepAliveStrategy]
]]></system-out>
  <system-err><![CDATA[]]></system-err>
</testsuite>
